d:\automatolabs\lab2\lab2_a\debug\vc142.pdb
d:\automatolabs\lab2\lab2_a\debug\vc142.idb
d:\automatolabs\lab2\lab2_a\debug\lab2_a.obj
d:\automatolabs\lab2\lab2_a\debug\syntax_tree.obj
d:\automatolabs\lab2\lab2_a\debug\syntax_node.obj
d:\automatolabs\test\lab2_a\debug\vc142.pdb
d:\automatolabs\test\lab2_a\debug\vc142.idb
d:\automatolabs\test\lab2_a\debug\syntax_tree.obj
d:\automatolabs\test\lab2_a\debug\syntax_node.obj
d:\automatolabs\test\lab2_a\debug\nfa_node.obj
d:\automatolabs\test\lab2_a\debug\nfa_creating.obj
d:\automatolabs\test\lab2_a\debug\nfa_component.obj
d:\automatolabs\test\lab2_a\debug\lab2_a.obj
d:\automatolabs\test\lab2_a\debug\dfa_node.obj
d:\automatolabs\test\lab2_a\debug\dfa_creating.obj
d:\automatolabs\test\lab2_a\debug\dfa.obj
d:\automatolabs\test\lab2_a\debug\dfa_to_reg.obj
d:\automatolabs\test\lab2_a\debug\dfa_mul.obj
d:\automatolabs\test\lab2_a\debug\dfa_mul_node.obj
d:\automatolabs\lab2\lab2_a\debug\lab2_a.exe
d:\automatolabs\lab2\lab2_a\debug\lab2_a.ilk
d:\automatolabs\lab2\lab2_a\debug\lab2_a.pdb
d:\automatolabs\test\lab2_a\debug\lab2_a.exe
d:\automatolabs\test\lab2_a\debug\lab2_a.ilk
d:\automatolabs\test\lab2_a\debug\lab2_a.pdb
d:\automatolabs\test\lab2_a\debug\lab2_a.tlog\cl.command.1.tlog
d:\automatolabs\test\lab2_a\debug\lab2_a.tlog\cl.read.1.tlog
d:\automatolabs\test\lab2_a\debug\lab2_a.tlog\cl.write.1.tlog
d:\automatolabs\test\lab2_a\debug\lab2_a.tlog\link.command.1.tlog
d:\automatolabs\test\lab2_a\debug\lab2_a.tlog\link.read.1.tlog
d:\automatolabs\test\lab2_a\debug\lab2_a.tlog\link.write.1.tlog
